2026-03-04 19:43:41 [ERROR] [Sandbox] Process error: spawn gcc ENOENT
2026-03-04 19:43:41 [ERROR] [Sandbox] Process error: spawn cppcheck ENOENT
2026-03-04 19:43:41 [ERROR] GCC execution failed: spawn gcc ENOENT
2026-03-04 19:43:41 [ERROR] Cppcheck execution failed: spawn cppcheck ENOENT
2026-03-04 19:51:18 [ERROR] [Sandbox] Process error: spawn pylint ENOENT
2026-03-04 19:51:18 [ERROR] [Sandbox] Process error: spawn bandit ENOENT
2026-03-04 19:51:18 [ERROR] Pylint execution failed: spawn pylint ENOENT
2026-03-04 19:51:18 [ERROR] Bandit execution failed: spawn bandit ENOENT
2026-03-04 19:51:35 [ERROR] [Sandbox] Process error: spawn gcc ENOENT
2026-03-04 19:51:35 [ERROR] [Sandbox] Process error: spawn cppcheck ENOENT
2026-03-04 19:51:35 [ERROR] GCC execution failed: spawn gcc ENOENT
2026-03-04 19:51:35 [ERROR] Cppcheck execution failed: spawn cppcheck ENOENT
2026-03-04 19:52:04 [ERROR] [Sandbox] Process error: spawn gcc ENOENT
2026-03-04 19:52:04 [ERROR] [Sandbox] Process error: spawn cppcheck ENOENT
2026-03-04 19:52:04 [ERROR] GCC execution failed: spawn gcc ENOENT
2026-03-04 19:52:04 [ERROR] Cppcheck execution failed: spawn cppcheck ENOENT
2026-03-04 19:52:20 [ERROR] [Sandbox] Process error: spawn pylint ENOENT
2026-03-04 19:52:20 [ERROR] [Sandbox] Process error: spawn bandit ENOENT
2026-03-04 19:52:20 [ERROR] Pylint execution failed: spawn pylint ENOENT
2026-03-04 19:52:20 [ERROR] Bandit execution failed: spawn bandit ENOENT
